<?xml version="1.0" encoding="UTF-8"?>
<!-- Generated by org.testng.reporters.JUnitReportReporter -->
<testsuite hostname="TOC1LTABADAWY" failures="0" tests="1" name="tests.card3" time="29.172" errors="0" timestamp="2024-06-23T22:08:21 AST" skipped="0">
  <testcase classname="tests.card3" name="testCardOne" time="29.172"/>
</testsuite> <!-- tests.card3 -->
