<?xml version="1.0" encoding="UTF-8"?>
<!-- Generated by org.testng.reporters.JUnitReportReporter -->
<testsuite hostname="TOC1LTABADAWY" failures="0" tests="1" name="tests.Card2Test" time="29.565" errors="0" timestamp="2024-06-24T13:33:42 AST" skipped="0">
  <testcase classname="tests.Card2Test" name="testCardTwo" time="29.565"/>
</testsuite> <!-- tests.Card2Test -->
