<?xml version="1.0" encoding="UTF-8"?>
<!-- Generated by org.testng.reporters.JUnitReportReporter -->
<testsuite hostname="TOC1LTABADAWY" failures="0" tests="1" name="tests.Card1Test" time="29.504" errors="0" timestamp="2024-06-24T13:33:42 AST" skipped="0">
  <testcase classname="tests.Card1Test" name="testCardOne" time="29.504"/>
</testsuite> <!-- tests.Card1Test -->
